<?xml version="1.0" encoding="UTF-8"?>
<testng-results ignored="0" total="1" passed="1" failed="0" skipped="0">
  <reporter-output>
  </reporter-output>
  <suite started-at="2024-10-03T14:25:08Z" name="Default suite" finished-at="2024-10-03T14:25:15Z" duration-ms="7274">
    <groups>
    </groups>
    <test started-at="2024-10-03T14:25:08Z" name="Default test" finished-at="2024-10-03T14:25:15Z" duration-ms="7274">
      <class name="org.phone.Hdfc">
        <test-method is-config="true" signature="beforeClass()[pri:0, instance:org.phone.Hdfc@5965d37]" started-at="2024-10-03T14:25:08Z" name="beforeClass" finished-at="2024-10-03T14:25:13Z" duration-ms="4850" status="PASS">
          <reporter-output>
          </reporter-output>
        </test-method> <!-- beforeClass -->
        <test-method is-config="true" signature="beforeMethod()[pri:0, instance:org.phone.Hdfc@5965d37]" started-at="2024-10-03T14:25:13Z" name="beforeMethod" finished-at="2024-10-03T14:25:13Z" duration-ms="1" status="PASS">
          <reporter-output>
          </reporter-output>
        </test-method> <!-- beforeMethod -->
        <test-method signature="tc1()[pri:0, instance:org.phone.Hdfc@5965d37]" started-at="2024-10-03T14:25:13Z" name="tc1" finished-at="2024-10-03T14:25:15Z" duration-ms="2383" status="PASS">
          <reporter-output>
          </reporter-output>
        </test-method> <!-- tc1 -->
        <test-method is-config="true" signature="afterMethod()[pri:0, instance:org.phone.Hdfc@5965d37]" started-at="2024-10-03T14:25:15Z" name="afterMethod" finished-at="2024-10-03T14:25:15Z" duration-ms="2" status="PASS">
          <reporter-output>
          </reporter-output>
        </test-method> <!-- afterMethod -->
        <test-method is-config="true" signature="afterClass()[pri:0, instance:org.phone.Hdfc@5965d37]" started-at="2024-10-03T14:25:15Z" name="afterClass" finished-at="2024-10-03T14:25:15Z" duration-ms="0" status="PASS">
          <reporter-output>
          </reporter-output>
        </test-method> <!-- afterClass -->
      </class> <!-- org.phone.Hdfc -->
    </test> <!-- Default test -->
  </suite> <!-- Default suite -->
</testng-results>
